<?xml version="1.0" encoding="UTF-8"?>
<testng-results skipped="0" failed="0" total="1" passed="1">
  <reporter-output>
  </reporter-output>
  <suite name="seleniumcn.cn.demo" duration-ms="24796" started-at="2016-10-19T02:42:47Z" finished-at="2016-10-19T02:43:12Z">
    <groups>
    </groups>
    <test name="test_seleniumcn" duration-ms="24796" started-at="2016-10-19T02:42:47Z" finished-at="2016-10-19T02:43:12Z">
      <class name="com.wxz.TestTestNG_PassProject">
        <test-method status="PASS" signature="Init()[pri:0, instance:com.wxz.TestTestNG_PassProject@185d8b6]" name="Init" is-config="true" duration-ms="11108" started-at="2016-10-19T10:42:47Z" finished-at="2016-10-19T10:42:58Z">
          <reporter-output>
          </reporter-output>
        </test-method> <!-- Init -->
        <test-method status="PASS" signature="helloWorld()[pri:0, instance:com.wxz.TestTestNG_PassProject@185d8b6]" name="helloWorld" duration-ms="9773" started-at="2016-10-19T10:42:58Z" finished-at="2016-10-19T10:43:08Z">
          <reporter-output>
          </reporter-output>
        </test-method> <!-- helloWorld -->
        <test-method status="PASS" signature="tearDown()[pri:0, instance:com.wxz.TestTestNG_PassProject@185d8b6]" name="tearDown" is-config="true" duration-ms="3876" started-at="2016-10-19T10:43:08Z" finished-at="2016-10-19T10:43:12Z">
          <reporter-output>
          </reporter-output>
        </test-method> <!-- tearDown -->
      </class> <!-- com.wxz.TestTestNG_PassProject -->
    </test> <!-- test_seleniumcn -->
  </suite> <!-- seleniumcn.cn.demo -->
</testng-results>
